TN:
SF:src/index.js
FN:10,clamp
FN:20,unique
FN:30,chunk
FN:44,deepFreeze
FN:45,(anonymous_4)
FN:59,capitalize
FN:69,sum
FN:70,(anonymous_7)
FN:78,mean
FN:89,groupBy
FN:90,(anonymous_10)
FNF:11
FNH:11
FNDA:4,clamp
FNDA:2,unique
FNDA:3,chunk
FNDA:2,deepFreeze
FNDA:2,(anonymous_4)
FNDA:2,capitalize
FNDA:3,sum
FNDA:6,(anonymous_7)
FNDA:2,mean
FNDA:1,groupBy
FNDA:4,(anonymous_10)
DA:11,4
DA:12,3
DA:21,2
DA:31,3
DA:32,2
DA:33,2
DA:34,4
DA:36,2
DA:45,2
DA:46,2
DA:47,2
DA:48,1
DA:51,2
DA:60,2
DA:61,1
DA:70,6
DA:79,2
DA:80,1
DA:90,1
DA:91,4
DA:92,4
DA:93,4
DA:97,1
LF:23
LH:23
BRDA:11,0,0,1
BRDA:11,0,1,3
BRDA:31,1,0,1
BRDA:31,1,1,2
BRDA:47,2,0,1
BRDA:47,2,1,1
BRDA:47,3,0,2
BRDA:47,3,1,2
BRDA:47,3,2,1
BRDA:60,4,0,1
BRDA:60,4,1,1
BRDA:79,5,0,1
BRDA:79,5,1,1
BRDA:92,6,0,4
BRDA:92,6,1,2
BRF:15
BRH:15
end_of_record
